<?xml version="1.0" encoding="UTF-8"?>
<testsuite xmlns:xsi="http://www.w3.org/2001/XMLSchema-instance" xsi:noNamespaceSchemaLocation="https://maven.apache.org/surefire/maven-surefire-plugin/xsd/surefire-test-report.xsd" name="com.gique.todo.utils.UtilTest" time="1.114" tests="4" errors="0" skipped="0" failures="0">
  <properties>
[...]
</properties>
  <testcase name="shouldReturnBooleanWhenCheckCreateTodoFormat" classname="com.gique.todo.utils.UtilTest" time="0.978"/>
  <testcase name="shouldReturnExceptionWhenGetDueDateRequestDateIsWrong" classname="com.gique.todo.utils.UtilTest" time="0.001"/>
  <testcase name="shouldReturnRtightFormatWhenGetDueDateRequestDateAndTime" classname="com.gique.todo.utils.UtilTest" time="0.001"/>
  <testcase name="shouldReturnRtightFormatWhenGetDueDateRequestDateOnly" classname="com.gique.todo.utils.UtilTest" time="0.001"/>
</testsuite>